X-ray voltage adjusing: 40.0 kV
X-ray voltage set to 40.0 kV
X-ray current ramping up: 13.0 mA
X-ray current ramping up: 18.0 mA
X-ray current ramping up: 23.0 mA
X-ray current ramping up: 28.0 mA
X-ray current ramping up: 36.0 mA
X-ray current ramping up: 41.0 mA
X-ray current ramping up: 46.0 mA
X-ray current ramping up: 50.0 mA
X-ray current set to 50.0 mA
Moving to home position
X-ray voltage adjusing: 40.0 kV
X-ray voltage set to 40.0 kV
X-ray current ramping up: 50.0 mA
X-ray current set to 50.0 mA
Scanning range: x=30 mm, y=30 mm, z_height: False, stepsize=1.5 mm
X-ray voltage adjusing: 40.0 kV
X-ray voltage set to 40.0 kV
X-ray current ramping up: 50.0 mA
X-ray current set to 50.0 mA
Moving to home position
